current directory: /home/runner/work/Danmarks-statistik-api-R/Danmarks-statistik-api-R/.vendor/bundle/ruby/2.7.0/gems/racc-1.5.2/ext/racc/cparse
/opt/hostedtoolcache/Ruby/2.7.4/x64/bin/ruby -I /opt/hostedtoolcache/Ruby/2.7.4/x64/lib/ruby/2.7.0 -r ./siteconf20211014-12509-uzz5uk.rb extconf.rb
checking for rb_ary_subseq()... yes
creating Makefile

current directory: /home/runner/work/Danmarks-statistik-api-R/Danmarks-statistik-api-R/.vendor/bundle/ruby/2.7.0/gems/racc-1.5.2/ext/racc/cparse
make "DESTDIR=" clean
make[1]: Entering directory '/home/runner/work/Danmarks-statistik-api-R/Danmarks-statistik-api-R/.vendor/bundle/ruby/2.7.0/gems/racc-1.5.2/ext/racc/cparse'
Makefile:175: warning: overriding recipe for target 'clean'
ÀÜ>§§U:175: warning: ignoring old recipe for target 'clean'
Makefile:182: warning: overriding recipe for target 'distclean'
ÀÜ>§§U:182: warning: ignoring old recipe for target 'distclean'
Makefile:190: warning: overriding recipe for target 'install-so'
ÀÜ>§§U:190: warning: ignoring old recipe for target 'install-so'
Makefile:200: warning: overriding recipe for target 'pre-install-rb-default'
ÀÜ>§§U:200: warning: ignoring old recipe for target 'pre-install-rb-default'
Makefile:202: warning: overriding recipe for target '.sitearchdir.-.racc.time'
ÀÜ>§§U:202: warning: ignoring old recipe for target '.sitearchdir.-.racc.time'
Makefile:212: warning: overriding recipe for target '.cc.o'
ÀÜ>§§U:212: warning: ignoring old recipe for target '.cc.o'
Makefile:216: warning: overriding recipe for target '.cc.S'
ÀÜ>§§U:216: warning: ignoring old recipe for target '.cc.S'
Makefile:220: warning: overriding recipe for target '.mm.o'
ÀÜ>§§U:220: warning: ignoring old recipe for target '.mm.o'
Makefile:224: warning: overriding recipe for target '.mm.S'
ÀÜ>§§U:224: warning: ignoring old recipe for target '.mm.S'
Makefile:228: warning: overriding recipe for target '.cxx.o'
ÀÜ>§§U:228: warning: ignoring old recipe for target '.cxx.o'
Makefile:232: warning: overriding recipe for target '.cxx.S'
ÀÜ>§§U:232: warning: ignoring old recipe for target '.cxx.S'
Makefile:236: warning: overriding recipe for target '.cpp.o'
ÀÜ>§§U:236: warning: ignoring old recipe for target '.cpp.o'
Makefile:240: warning: overriding recipe for target '.cpp.S'
ÀÜ>§§U:240: warning: ignoring old recipe for target '.cpp.S'
Makefile:244: warning: overriding recipe for target '.c.o'
ÀÜ>§§U:244: warning: ignoring old recipe for target '.c.o'
Makefile:248: warning: overriding recipe for target '.c.S'
ÀÜ>§§U:248: warning: ignoring old recipe for target '.c.S'
Makefile:252: warning: overriding recipe for target '.m.o'
ÀÜ>§§U:252: warning: ignoring old recipe for target '.m.o'
Makefile:256: warning: overriding recipe for target '.m.S'
ÀÜ>§§U:256: warning: ignoring old recipe for target '.m.S'
Makefile:260: warning: overriding recipe for target 'cparse.so'
ÀÜ>§§U:260: warning: ignoring old recipe for target 'cparse.so'
make[1]: Leaving directory '/home/runner/work/Danmarks-statistik-api-R/Danmarks-statistik-api-R/.vendor/bundle/ruby/2.7.0/gems/racc-1.5.2/ext/racc/cparse'

current directory: /home/runner/work/Danmarks-statistik-api-R/Danmarks-statistik-api-R/.vendor/bundle/ruby/2.7.0/gems/racc-1.5.2/ext/racc/cparse
make "DESTDIR="
make[1]: Entering directory '/home/runner/work/Danmarks-statistik-api-R/Danmarks-statistik-api-R/.vendor/bundle/ruby/2.7.0/gems/racc-1.5.2/ext/racc/cparse'
Makefile:175: warning: overriding recipe for target 'clean'
À¬ÍÄÈU:175: warning: ignoring old recipe for target 'clean'
Makefile:182: warning: overriding recipe for target 'distclean'
À¬ÍÄÈU:182: warning: ignoring old recipe for target 'distclean'
Makefile:190: warning: overriding recipe for target 'install-so'
À¬ÍÄÈU:190: warning: ignoring old recipe for target 'install-so'
Makefile:200: warning: overriding recipe for target 'pre-install-rb-default'
À¬ÍÄÈU:200: warning: ignoring old recipe for target 'pre-install-rb-default'
Makefile:202: warning: overriding recipe for target '.sitearchdir.-.racc.time'
À¬ÍÄÈU:202: warning: ignoring old recipe for target '.sitearchdir.-.racc.time'
Makefile:212: warning: overriding recipe for target '.cc.o'
À¬ÍÄÈU:212: warning: ignoring old recipe for target '.cc.o'
Makefile:216: warning: overriding recipe for target '.cc.S'
À¬ÍÄÈU:216: warning: ignoring old recipe for target '.cc.S'
Makefile:220: warning: overriding recipe for target '.mm.o'
À¬ÍÄÈU:220: warning: ignoring old recipe for target '.mm.o'
Makefile:224: warning: overriding recipe for target '.mm.S'
À¬ÍÄÈU:224: warning: ignoring old recipe for target '.mm.S'
Makefile:228: warning: overriding recipe for target '.cxx.o'
À¬ÍÄÈU:228: warning: ignoring old recipe for target '.cxx.o'
Makefile:232: warning: overriding recipe for target '.cxx.S'
À¬ÍÄÈU:232: warning: ignoring old recipe for target '.cxx.S'
Makefile:236: warning: overriding recipe for target '.cpp.o'
À¬ÍÄÈU:236: warning: ignoring old recipe for target '.cpp.o'
Makefile:240: warning: overriding recipe for target '.cpp.S'
À¬ÍÄÈU:240: warning: ignoring old recipe for target '.cpp.S'
Makefile:244: warning: overriding recipe for target '.c.o'
À¬ÍÄÈU:244: warning: ignoring old recipe for target '.c.o'
Makefile:248: warning: overriding recipe for target '.c.S'
À¬ÍÄÈU:248: warning: ignoring old recipe for target '.c.S'
Makefile:252: warning: overriding recipe for target '.m.o'
À¬ÍÄÈU:252: warning: ignoring old recipe for target '.m.o'
Makefile:256: warning: overriding recipe for target '.m.S'
À¬ÍÄÈU:256: warning: ignoring old recipe for target '.m.S'
Makefile:260: warning: overriding recipe for target 'cparse.so'
À¬ÍÄÈU:260: warning: ignoring old recipe for target 'cparse.so'
compiling cparse.c
linking shared-object racc/cparse.so
make[1]: Leaving directory '/home/runner/work/Danmarks-statistik-api-R/Danmarks-statistik-api-R/.vendor/bundle/ruby/2.7.0/gems/racc-1.5.2/ext/racc/cparse'

current directory: /home/runner/work/Danmarks-statistik-api-R/Danmarks-statistik-api-R/.vendor/bundle/ruby/2.7.0/gems/racc-1.5.2/ext/racc/cparse
make "DESTDIR=" install
make[1]: Entering directory '/home/runner/work/Danmarks-statistik-api-R/Danmarks-statistik-api-R/.vendor/bundle/ruby/2.7.0/gems/racc-1.5.2/ext/racc/cparse'
Makefile:175: warning: overriding recipe for target 'clean'
ÀüÁ%óU:175: warning: ignoring old recipe for target 'clean'
Makefile:182: warning: overriding recipe for target 'distclean'
ÀüÁ%óU:182: warning: ignoring old recipe for target 'distclean'
Makefile:190: warning: overriding recipe for target 'install-so'
ÀüÁ%óU:190: warning: ignoring old recipe for target 'install-so'
Makefile:200: warning: overriding recipe for target 'pre-install-rb-default'
ÀüÁ%óU:200: warning: ignoring old recipe for target 'pre-install-rb-default'
Makefile:202: warning: overriding recipe for target '.sitearchdir.-.racc.time'
ÀüÁ%óU:202: warning: ignoring old recipe for target '.sitearchdir.-.racc.time'
Makefile:212: warning: overriding recipe for target '.cc.o'
ÀüÁ%óU:212: warning: ignoring old recipe for target '.cc.o'
Makefile:216: warning: overriding recipe for target '.cc.S'
ÀüÁ%óU:216: warning: ignoring old recipe for target '.cc.S'
Makefile:220: warning: overriding recipe for target '.mm.o'
ÀüÁ%óU:220: warning: ignoring old recipe for target '.mm.o'
Makefile:224: warning: overriding recipe for target '.mm.S'
ÀüÁ%óU:224: warning: ignoring old recipe for target '.mm.S'
Makefile:228: warning: overriding recipe for target '.cxx.o'
ÀüÁ%óU:228: warning: ignoring old recipe for target '.cxx.o'
Makefile:232: warning: overriding recipe for target '.cxx.S'
ÀüÁ%óU:232: warning: ignoring old recipe for target '.cxx.S'
Makefile:236: warning: overriding recipe for target '.cpp.o'
ÀüÁ%óU:236: warning: ignoring old recipe for target '.cpp.o'
Makefile:240: warning: overriding recipe for target '.cpp.S'
ÀüÁ%óU:240: warning: ignoring old recipe for target '.cpp.S'
Makefile:244: warning: overriding recipe for target '.c.o'
ÀüÁ%óU:244: warning: ignoring old recipe for target '.c.o'
Makefile:248: warning: overriding recipe for target '.c.S'
ÀüÁ%óU:248: warning: ignoring old recipe for target '.c.S'
Makefile:252: warning: overriding recipe for target '.m.o'
ÀüÁ%óU:252: warning: ignoring old recipe for target '.m.o'
Makefile:256: warning: overriding recipe for target '.m.S'
ÀüÁ%óU:256: warning: ignoring old recipe for target '.m.S'
Makefile:260: warning: overriding recipe for target 'cparse.so'
ÀüÁ%óU:260: warning: ignoring old recipe for target 'cparse.so'
/usr/bin/install -c -m 0755 cparse.so ./.gem.20211014-12509-nzx9e9/racc
make[1]: Leaving directory '/home/runner/work/Danmarks-statistik-api-R/Danmarks-statistik-api-R/.vendor/bundle/ruby/2.7.0/gems/racc-1.5.2/ext/racc/cparse'
